<?xml version="1.0" encoding="UTF-8"?>
<testng-results ignored="0" total="4" passed="2" failed="0" skipped="2">
  <reporter-output>
  </reporter-output>
  <suite started-at="2024-11-26T10:38:38 IST" name="Suite" finished-at="2024-11-26T10:39:00 IST" duration-ms="21797">
    <groups>
    </groups>
    <test started-at="2024-11-26T10:38:38 IST" name="Test1" finished-at="2024-11-26T10:38:39 IST" duration-ms="157">
      <class name="testNgTestcases.GotoWishList">
        <test-method signature="goingToWishlist(java.lang.String)[pri:0, instance:testNgTestcases.GotoWishList@437da279]" started-at="2024-11-26T10:38:39 IST" name="goingToWishlist" finished-at="2024-11-26T10:38:39 IST" duration-ms="0" status="SKIP">
          <params>
            <param index="0">
              <value>
                <![CDATA[Chrome]]>
              </value>
            </param>
          </params>
          <exception class="java.lang.NullPointerException">
            <message>
              <![CDATA[Cannot invoke "org.openqa.selenium.WebDriver.get(String)" because "this.driver" is null]]>
            </message>
            <full-stacktrace>
              <![CDATA[java.lang.NullPointerException: Cannot invoke "org.openqa.selenium.WebDriver.get(String)" because "this.driver" is null
at testNgTestcases.TC01.beforeTest(TC01.java:35)
at java.base/jdk.internal.reflect.DirectMethodHandleAccessor.invoke(DirectMethodHandleAccessor.java:103)
at java.base/java.lang.reflect.Method.invoke(Method.java:580)
at org.testng.internal.MethodInvocationHelper.invokeMethod(MethodInvocationHelper.java:133)
at org.testng.internal.MethodInvocationHelper.invokeMethodConsideringTimeout(MethodInvocationHelper.java:62)
at org.testng.internal.ConfigInvoker.invokeConfigurationMethod(ConfigInvoker.java:385)
at org.testng.internal.ConfigInvoker.invokeConfigurations(ConfigInvoker.java:321)
at org.testng.TestRunner.invokeTestConfigurations(TestRunner.java:637)
at org.testng.TestRunner.beforeRun(TestRunner.java:627)
at org.testng.TestRunner.run(TestRunner.java:589)
at org.testng.SuiteRunner.runTest(SuiteRunner.java:377)
at org.testng.SuiteRunner.access$000(SuiteRunner.java:28)
at org.testng.SuiteRunner$SuiteWorker.run(SuiteRunner.java:418)
at org.testng.internal.thread.ThreadUtil.lambda$execute$0(ThreadUtil.java:64)
at java.base/java.util.concurrent.FutureTask.run(FutureTask.java:317)
at java.base/java.util.concurrent.ThreadPoolExecutor.runWorker(ThreadPoolExecutor.java:1144)
at java.base/java.util.concurrent.ThreadPoolExecutor$Worker.run(ThreadPoolExecutor.java:642)
at java.base/java.lang.Thread.run(Thread.java:1570)
]]>
            </full-stacktrace>
          </exception> <!-- java.lang.NullPointerException -->
          <reporter-output>
          </reporter-output>
        </test-method> <!-- goingToWishlist -->
      </class> <!-- testNgTestcases.GotoWishList -->
      <class name="testNgTestcases.TC01">
        <test-method is-config="true" signature="beforeTest()[pri:0, instance:testNgTestcases.TC01@957e06]" started-at="2024-11-26T10:38:38 IST" name="beforeTest" finished-at="2024-11-26T10:38:38 IST" duration-ms="4" status="FAIL">
          <exception class="java.lang.NullPointerException">
            <message>
              <![CDATA[Cannot invoke "org.openqa.selenium.WebDriver.get(String)" because "this.driver" is null]]>
            </message>
            <full-stacktrace>
              <![CDATA[java.lang.NullPointerException: Cannot invoke "org.openqa.selenium.WebDriver.get(String)" because "this.driver" is null
at testNgTestcases.TC01.beforeTest(TC01.java:35)
at java.base/jdk.internal.reflect.DirectMethodHandleAccessor.invoke(DirectMethodHandleAccessor.java:103)
at java.base/java.lang.reflect.Method.invoke(Method.java:580)
at org.testng.internal.MethodInvocationHelper.invokeMethod(MethodInvocationHelper.java:133)
at org.testng.internal.MethodInvocationHelper.invokeMethodConsideringTimeout(MethodInvocationHelper.java:62)
at org.testng.internal.ConfigInvoker.invokeConfigurationMethod(ConfigInvoker.java:385)
at org.testng.internal.ConfigInvoker.invokeConfigurations(ConfigInvoker.java:321)
at org.testng.TestRunner.invokeTestConfigurations(TestRunner.java:637)
at org.testng.TestRunner.beforeRun(TestRunner.java:627)
at org.testng.TestRunner.run(TestRunner.java:589)
at org.testng.SuiteRunner.runTest(SuiteRunner.java:377)
at org.testng.SuiteRunner.access$000(SuiteRunner.java:28)
at org.testng.SuiteRunner$SuiteWorker.run(SuiteRunner.java:418)
at org.testng.internal.thread.ThreadUtil.lambda$execute$0(ThreadUtil.java:64)
at java.base/java.util.concurrent.FutureTask.run(FutureTask.java:317)
at java.base/java.util.concurrent.ThreadPoolExecutor.runWorker(ThreadPoolExecutor.java:1144)
at java.base/java.util.concurrent.ThreadPoolExecutor$Worker.run(ThreadPoolExecutor.java:642)
at java.base/java.lang.Thread.run(Thread.java:1570)
]]>
            </full-stacktrace>
          </exception> <!-- java.lang.NullPointerException -->
          <reporter-output>
          </reporter-output>
        </test-method> <!-- beforeTest -->
        <test-method is-config="true" signature="beforeClass()[pri:0, instance:testNgTestcases.TC01@957e06]" started-at="2024-11-26T10:38:39 IST" name="beforeClass" finished-at="1970-01-01T05:30:00 IST" duration-ms="-1732597719042" status="SKIP">
          <reporter-output>
          </reporter-output>
        </test-method> <!-- beforeClass -->
        <test-method is-config="true" signature="beforeMethod()[pri:0, instance:testNgTestcases.TC01@957e06]" started-at="2024-11-26T10:38:39 IST" name="beforeMethod" finished-at="1970-01-01T05:30:00 IST" duration-ms="-1732597719074" status="SKIP">
          <reporter-output>
          </reporter-output>
        </test-method> <!-- beforeMethod -->
        <test-method signature="searchProduct()[pri:0, instance:testNgTestcases.TC01@957e06]" started-at="2024-11-26T10:38:39 IST" name="searchProduct" finished-at="2024-11-26T10:38:39 IST" duration-ms="0" status="SKIP">
          <exception class="java.lang.NullPointerException">
            <message>
              <![CDATA[Cannot invoke "org.openqa.selenium.WebDriver.get(String)" because "this.driver" is null]]>
            </message>
            <full-stacktrace>
              <![CDATA[java.lang.NullPointerException: Cannot invoke "org.openqa.selenium.WebDriver.get(String)" because "this.driver" is null
at testNgTestcases.TC01.beforeTest(TC01.java:35)
at java.base/jdk.internal.reflect.DirectMethodHandleAccessor.invoke(DirectMethodHandleAccessor.java:103)
at java.base/java.lang.reflect.Method.invoke(Method.java:580)
at org.testng.internal.MethodInvocationHelper.invokeMethod(MethodInvocationHelper.java:133)
at org.testng.internal.MethodInvocationHelper.invokeMethodConsideringTimeout(MethodInvocationHelper.java:62)
at org.testng.internal.ConfigInvoker.invokeConfigurationMethod(ConfigInvoker.java:385)
at org.testng.internal.ConfigInvoker.invokeConfigurations(ConfigInvoker.java:321)
at org.testng.TestRunner.invokeTestConfigurations(TestRunner.java:637)
at org.testng.TestRunner.beforeRun(TestRunner.java:627)
at org.testng.TestRunner.run(TestRunner.java:589)
at org.testng.SuiteRunner.runTest(SuiteRunner.java:377)
at org.testng.SuiteRunner.access$000(SuiteRunner.java:28)
at org.testng.SuiteRunner$SuiteWorker.run(SuiteRunner.java:418)
at org.testng.internal.thread.ThreadUtil.lambda$execute$0(ThreadUtil.java:64)
at java.base/java.util.concurrent.FutureTask.run(FutureTask.java:317)
at java.base/java.util.concurrent.ThreadPoolExecutor.runWorker(ThreadPoolExecutor.java:1144)
at java.base/java.util.concurrent.ThreadPoolExecutor$Worker.run(ThreadPoolExecutor.java:642)
at java.base/java.lang.Thread.run(Thread.java:1570)
]]>
            </full-stacktrace>
          </exception> <!-- java.lang.NullPointerException -->
          <reporter-output>
          </reporter-output>
        </test-method> <!-- searchProduct -->
        <test-method is-config="true" signature="afterMethod()[pri:0, instance:testNgTestcases.TC01@957e06]" started-at="2024-11-26T10:38:39 IST" name="afterMethod" finished-at="1970-01-01T05:30:00 IST" duration-ms="-1732597719089" status="SKIP">
          <reporter-output>
          </reporter-output>
        </test-method> <!-- afterMethod -->
        <test-method is-config="true" signature="afterClass()[pri:0, instance:testNgTestcases.TC01@957e06]" started-at="2024-11-26T10:38:39 IST" name="afterClass" finished-at="1970-01-01T05:30:00 IST" duration-ms="-1732597719094" status="SKIP">
          <reporter-output>
          </reporter-output>
        </test-method> <!-- afterClass -->
        <test-method is-config="true" signature="afterTest()[pri:0, instance:testNgTestcases.TC01@957e06]" started-at="2024-11-26T10:38:39 IST" name="afterTest" finished-at="1970-01-01T05:30:00 IST" duration-ms="-1732597719115" status="SKIP">
          <reporter-output>
          </reporter-output>
        </test-method> <!-- afterTest -->
      </class> <!-- testNgTestcases.TC01 -->
    </test> <!-- Test1 -->
    <test started-at="2024-11-26T10:38:38 IST" name="Test2" finished-at="2024-11-26T10:39:00 IST" duration-ms="21797">
      <class name="testNgTestcases.GotoWishList">
        <test-method signature="goingToWishlist(java.lang.String)[pri:0, instance:testNgTestcases.GotoWishList@5d534f5d]" started-at="2024-11-26T10:38:46 IST" name="goingToWishlist" finished-at="2024-11-26T10:39:00 IST" duration-ms="13957" status="PASS">
          <params>
            <param index="0">
              <value>
                <![CDATA[Firefox]]>
              </value>
            </param>
          </params>
          <reporter-output>
          </reporter-output>
        </test-method> <!-- goingToWishlist -->
      </class> <!-- testNgTestcases.GotoWishList -->
      <class name="testNgTestcases.TC01">
        <test-method is-config="true" signature="beforeSuite()[pri:0, instance:testNgTestcases.TC01@576d5deb]" started-at="2024-11-26T10:38:34 IST" name="beforeSuite" finished-at="2024-11-26T10:38:38 IST" duration-ms="3978" status="PASS">
          <reporter-output>
          </reporter-output>
        </test-method> <!-- beforeSuite -->
        <test-method is-config="true" signature="beforeTest()[pri:0, instance:testNgTestcases.TC01@576d5deb]" started-at="2024-11-26T10:38:38 IST" name="beforeTest" finished-at="2024-11-26T10:38:42 IST" duration-ms="3469" status="PASS">
          <reporter-output>
          </reporter-output>
        </test-method> <!-- beforeTest -->
        <test-method is-config="true" signature="beforeClass()[pri:0, instance:testNgTestcases.TC01@576d5deb]" started-at="2024-11-26T10:38:42 IST" name="beforeClass" finished-at="2024-11-26T10:38:42 IST" duration-ms="1" status="PASS">
          <reporter-output>
          </reporter-output>
        </test-method> <!-- beforeClass -->
        <test-method is-config="true" signature="beforeMethod()[pri:0, instance:testNgTestcases.TC01@576d5deb]" started-at="2024-11-26T10:38:42 IST" name="beforeMethod" finished-at="2024-11-26T10:38:44 IST" duration-ms="2506" status="PASS">
          <reporter-output>
          </reporter-output>
        </test-method> <!-- beforeMethod -->
        <test-method signature="searchProduct()[pri:0, instance:testNgTestcases.TC01@576d5deb]" started-at="2024-11-26T10:38:44 IST" name="searchProduct" finished-at="2024-11-26T10:38:46 IST" duration-ms="1465" status="PASS">
          <reporter-output>
          </reporter-output>
        </test-method> <!-- searchProduct -->
        <test-method is-config="true" signature="afterMethod()[pri:0, instance:testNgTestcases.TC01@576d5deb]" started-at="2024-11-26T10:38:46 IST" name="afterMethod" finished-at="2024-11-26T10:38:46 IST" duration-ms="1" status="PASS">
          <reporter-output>
          </reporter-output>
        </test-method> <!-- afterMethod -->
        <test-method is-config="true" signature="afterClass()[pri:0, instance:testNgTestcases.TC01@576d5deb]" started-at="2024-11-26T10:38:46 IST" name="afterClass" finished-at="2024-11-26T10:38:46 IST" duration-ms="1" status="PASS">
          <reporter-output>
          </reporter-output>
        </test-method> <!-- afterClass -->
        <test-method is-config="true" signature="afterTest()[pri:0, instance:testNgTestcases.TC01@576d5deb]" started-at="2024-11-26T10:39:00 IST" name="afterTest" finished-at="2024-11-26T10:39:00 IST" duration-ms="370" status="PASS">
          <reporter-output>
          </reporter-output>
        </test-method> <!-- afterTest -->
        <test-method is-config="true" signature="afterSuite()[pri:0, instance:testNgTestcases.TC01@576d5deb]" started-at="2024-11-26T10:39:00 IST" name="afterSuite" finished-at="2024-11-26T10:39:00 IST" duration-ms="0" status="PASS">
          <reporter-output>
          </reporter-output>
        </test-method> <!-- afterSuite -->
      </class> <!-- testNgTestcases.TC01 -->
    </test> <!-- Test2 -->
  </suite> <!-- Suite -->
</testng-results>
