<?xml version="1.0" encoding="UTF-8"?>
<!-- Generated by org.testng.reporters.JUnitXMLReporter -->
<testsuite ignored="0" hostname="TYSS-Tanuja-N-Sonawale" failures="1" tests="1" name="Test3" time="0.01" errors="0" timestamp="2024-09-03T12:44:54 IST">
  <testcase classname="TestNgFeature.Working_With_Parameters" name="login" time="0.0">
    <failure type="org.testng.TestNGException" message="
Parameter &amp;apos;browser1&amp;apos; is required by @Test on method login but has not been marked @Optional or defined
in C:\Users\User\git\Practice_Pradyumna_Sir\Basic_Selenium_Training\Browser_Parameter.xml">
      <![CDATA[org.testng.TestNGException: 
Parameter 'browser1' is required by @Test on method login but has not been marked @Optional or defined
in C:\Users\User\git\Practice_Pradyumna_Sir\Basic_Selenium_Training\Browser_Parameter.xml
at java.base/java.util.ArrayList.forEach(ArrayList.java:1597)
... Removed 26 stack frames]]>
    </failure>
  </testcase> <!-- login -->
</testsuite> <!-- Test3 -->
