<?xml version="1.0" encoding="UTF-8"?>
<!-- Generated by org.testng.reporters.JUnitReportReporter -->
<testsuite hostname="TYSS-Tanuja-N-Sonawale" failures="1" tests="8" name="seleniumTask.TestScriptListenerImplementation" time="0.099" errors="0" timestamp="2024-12-03T15:12:32 IST" skipped="5">
  <testcase classname="seleniumTask.TestScriptListenerImplementation" name="testCaseTest1" time="0.034">
    <skipped/>
  </testcase> <!-- testCaseTest1 -->
  <system-out/>
  <testcase classname="seleniumTask.TestScriptListenerImplementation" name="testCaseTest1" time="0.014">
    <skipped/>
  </testcase> <!-- testCaseTest1 -->
  <system-out/>
  <testcase classname="seleniumTask.TestScriptListenerImplementation" name="testCaseTest1" time="0.022">
    <failure message="null" type="java.lang.AssertionError">
      <![CDATA[java.lang.AssertionError: null
at org.testng.Assert.fail(Assert.java:99)
at org.testng.Assert.fail(Assert.java:106)
at seleniumTask.TestScriptListenerImplementation.testCaseTest1(TestScriptListenerImplementation.java:12)
at java.base/jdk.internal.reflect.DirectMethodHandleAccessor.invoke(DirectMethodHandleAccessor.java:103)
at java.base/java.lang.reflect.Method.invoke(Method.java:580)
at org.testng.internal.MethodInvocationHelper.invokeMethod(MethodInvocationHelper.java:133)
at org.testng.internal.TestInvoker.invokeMethod(TestInvoker.java:598)
at org.testng.internal.TestInvoker.retryFailed(TestInvoker.java:213)
at org.testng.internal.MethodRunner.runInSequence(MethodRunner.java:58)
at org.testng.internal.TestInvoker$MethodInvocationAgent.invoke(TestInvoker.java:824)
at org.testng.internal.TestInvoker.invokeTestMethods(TestInvoker.java:146)
at org.testng.internal.TestMethodWorker.invokeTestMethods(TestMethodWorker.java:146)
at org.testng.internal.TestMethodWorker.run(TestMethodWorker.java:128)
at java.base/java.util.ArrayList.forEach(ArrayList.java:1597)
at org.testng.TestRunner.privateRun(TestRunner.java:794)
at org.testng.TestRunner.run(TestRunner.java:596)
at org.testng.SuiteRunner.runTest(SuiteRunner.java:377)
at org.testng.SuiteRunner.runSequentially(SuiteRunner.java:371)
at org.testng.SuiteRunner.privateRun(SuiteRunner.java:332)
at org.testng.SuiteRunner.run(SuiteRunner.java:276)
at org.testng.SuiteRunnerWorker.runSuite(SuiteRunnerWorker.java:53)
at org.testng.SuiteRunnerWorker.run(SuiteRunnerWorker.java:96)
at org.testng.TestNG.runSuitesSequentially(TestNG.java:1212)
at org.testng.TestNG.runSuitesLocally(TestNG.java:1134)
at org.testng.TestNG.runSuites(TestNG.java:1063)
at org.testng.TestNG.run(TestNG.java:1031)
at org.testng.remote.AbstractRemoteTestNG.run(AbstractRemoteTestNG.java:115)
at org.testng.remote.RemoteTestNG.initAndRun(RemoteTestNG.java:293)
at org.testng.remote.RemoteTestNG.main(RemoteTestNG.java:91)
]]>
    </failure>
  </testcase> <!-- testCaseTest1 -->
  <system-out/>
  <testcase classname="seleniumTask.TestScriptListenerImplementation" name="testCaseTest1" time="0.008">
    <skipped/>
  </testcase> <!-- testCaseTest1 -->
  <system-out/>
  <testcase classname="seleniumTask.TestScriptListenerImplementation" name="testCaseTest3" time="0.005"/>
  <system-out/>
  <testcase classname="seleniumTask.TestScriptListenerImplementation" name="testCaseTest1" time="0.003">
    <skipped/>
  </testcase> <!-- testCaseTest1 -->
  <system-out/>
  <testcase classname="seleniumTask.TestScriptListenerImplementation" name="testCaseTest2" time="0.007"/>
  <system-out/>
  <testcase classname="seleniumTask.TestScriptListenerImplementation" name="testCaseTest1" time="0.006">
    <skipped/>
  </testcase> <!-- testCaseTest1 -->
  <system-out/>
</testsuite> <!-- seleniumTask.TestScriptListenerImplementation -->
